<?xml version="1.0" encoding="UTF-8"?>
<testsuite name="testClean.ItemTest" tests="1" skipped="0" failures="0" errors="0" timestamp="2021-08-15T06:06:04" hostname="DESKTOP-AIQMAMB" time="2.72">
  <properties/>
  <testcase name="verifyCRUDforItem()" classname="testClean.ItemTest" time="2.72"/>
  <system-out><![CDATA[********
ConfigEnv.host: http://todo.ly
ConfigEnv.user: madai@ucb2021.com
ConfigEnv.password: 12345
********
Request method:	POST
Request URI:	http://todo.ly/api/items.json
Proxy:			<none>
Request params:	<none>
Query params:	<none>
Form params:	<none>
Path params:	<none>
Headers:		Authorization=Basic bWFkYWlAdWNiMjAyMS5jb206MTIzNDU=
				Accept=*/*
				Content-Type=text/plain; charset=ISO-8859-1
Cookies:		<none>
Multiparts:		<none>
Body:
{"Content":"Madai_Item4"}
HTTP/1.1 200 OK
Cache-Control: no-cache, no-store, must-revalidate
Pragma: no-cache
Content-Type: application/json; charset=utf-8
Expires: -1
Server: Microsoft-IIS/8.0
Set-Cookie: ASP.NET_SessionId=5y3cdf2sprgahjc0mant1kzi; path=/; HttpOnly; SameSite=Lax
X-AspNetMvc-Version: 2.0
X-AspNet-Version: 4.0.30319
X-Powered-By: ASP.NET
Date: Sun, 15 Aug 2021 06:05:58 GMT
Content-Length: 532

{
    "Id": 10912909,
    "Content": "Madai_Item4",
    "ItemType": 1,
    "Checked": false,
    "ProjectId": null,
    "ParentId": null,
    "Path": "",
    "Collapsed": false,
    "DateString": null,
    "DateStringPriority": 0,
    "DueDate": "",
    "Recurrence": null,
    "ItemOrder": null,
    "Priority": 4,
    "LastSyncedDateTime": "/Date(1629007558298)/",
    "Children": [
        
    ],
    "DueDateTime": null,
    "CreatedDate": "/Date(1629007558283)/",
    "LastCheckedDate": null,
    "LastUpdatedDate": "/Date(1629007558283)/",
    "Deleted": false,
    "Notes": "",
    "InHistory": false,
    "SyncClientCreationId": null,
    "DueTimeSpecified": true,
    "OwnerId": 690436
}
Request method:	PUT
Request URI:	http://todo.ly/api/items/10912909.json
Proxy:			<none>
Request params:	<none>
Query params:	<none>
Form params:	<none>
Path params:	<none>
Headers:		Authorization=Basic bWFkYWlAdWNiMjAyMS5jb206MTIzNDU=
				Accept=*/*
				Content-Type=text/plain; charset=ISO-8859-1
Cookies:		<none>
Multiparts:		<none>
Body:
{"Content":"Madai_Item4Update"}
HTTP/1.1 200 OK
Cache-Control: no-cache, no-store, must-revalidate
Pragma: no-cache
Content-Type: application/json; charset=utf-8
Expires: -1
Server: Microsoft-IIS/8.0
Set-Cookie: ASP.NET_SessionId=3wp1o2hccy2pnsipjv1ogd2y; path=/; HttpOnly; SameSite=Lax
X-AspNetMvc-Version: 2.0
X-AspNet-Version: 4.0.30319
X-Powered-By: ASP.NET
Date: Sun, 15 Aug 2021 06:05:58 GMT
Content-Length: 538

{
    "Id": 10912909,
    "Content": "Madai_Item4Update",
    "ItemType": 1,
    "Checked": false,
    "ProjectId": null,
    "ParentId": null,
    "Path": "",
    "Collapsed": false,
    "DateString": null,
    "DateStringPriority": 0,
    "DueDate": "",
    "Recurrence": null,
    "ItemOrder": null,
    "Priority": 4,
    "LastSyncedDateTime": "/Date(1629007559156)/",
    "Children": [
        
    ],
    "DueDateTime": null,
    "CreatedDate": "/Date(1629007558283)/",
    "LastCheckedDate": null,
    "LastUpdatedDate": "/Date(1629007559140)/",
    "Deleted": false,
    "Notes": "",
    "InHistory": false,
    "SyncClientCreationId": null,
    "DueTimeSpecified": true,
    "OwnerId": 690436
}
Request method:	DELETE
Request URI:	http://todo.ly/api/items/10912909.json
Proxy:			<none>
Request params:	<none>
Query params:	<none>
Form params:	<none>
Path params:	<none>
Headers:		Authorization=Basic bWFkYWlAdWNiMjAyMS5jb206MTIzNDU=
				Accept=*/*
Cookies:		<none>
Multiparts:		<none>
Body:			<none>
HTTP/1.1 200 OK
Cache-Control: no-cache, no-store, must-revalidate
Pragma: no-cache
Content-Type: application/json; charset=utf-8
Expires: -1
Server: Microsoft-IIS/8.0
Set-Cookie: ASP.NET_SessionId=nsh51vanurpwvt1duf3h4dtv; path=/; HttpOnly; SameSite=Lax
X-AspNetMvc-Version: 2.0
X-AspNet-Version: 4.0.30319
X-Powered-By: ASP.NET
Date: Sun, 15 Aug 2021 06:05:59 GMT
Content-Length: 537

{
    "Id": 10912909,
    "Content": "Madai_Item4Update",
    "ItemType": 1,
    "Checked": false,
    "ProjectId": null,
    "ParentId": null,
    "Path": "",
    "Collapsed": false,
    "DateString": null,
    "DateStringPriority": 0,
    "DueDate": "",
    "Recurrence": null,
    "ItemOrder": null,
    "Priority": 4,
    "LastSyncedDateTime": "/Date(1629007559608)/",
    "Children": [
        
    ],
    "DueDateTime": null,
    "CreatedDate": "/Date(1629007558283)/",
    "LastCheckedDate": null,
    "LastUpdatedDate": "/Date(1629007559593)/",
    "Deleted": true,
    "Notes": "",
    "InHistory": false,
    "SyncClientCreationId": null,
    "DueTimeSpecified": true,
    "OwnerId": 690436
}
]]></system-out>
  <system-err><![CDATA[]]></system-err>
</testsuite>
